level=INFO ts=2019-03-18T06:04:49.129834678Z app=device-dcs source=init.go:136 msg="Check Metadata service's status ..."
level=INFO ts=2019-03-18T06:04:49.129886397Z app=device-dcs source=init.go:136 msg="Check Data service's status ..."
level=INFO ts=2019-03-18T06:04:49.326105099Z app=device-dcs source=init.go:46 msg="Service clients initialize successful."
level=INFO ts=2019-03-18T06:04:49.473594174Z app=device-dcs source=service.go:134 msg="Device Service  doesn't exist, creating a new one"
level=INFO ts=2019-03-18T06:04:49.618005493Z app=device-dcs source=service.go:192 msg="Addressable device-dcs doesn't exist, creating a new one"
level=ERROR ts=2019-03-18T06:04:52.449021648Z app=device-dcs source=devices.go:63 msg="Add Device failed {\"origin\":1552889092260,\"description\":\"dcs properties\",\"name\":\"DCS-Device01\",\"adminState\":\"UNLOCKED\",\"operatingState\":\"ENABLED\",\"labels\":[\"dcs\",\"test\"],\"service\":{\"origin\":1552889089901,\"description\":\"\",\"id\":\"97cfc07a-ceaf-4bdc-89bf-b6a7899e347c\",\"name\":\"device-dcs\",\"lastConnected\":0,\"lastReported\":0,\"operatingState\":\"ENABLED\",\"labels\":[],\"addressable\":{\"origin\":1552889089657,\"id\":\"9b9597c0-dd63-4103-b184-ce6092891368\",\"name\":\"device-dcs\",\"protocol\":\"HTTP\",\"method\":\"POST\",\"address\":\"localhost\",\"port\":49992,\"path\":\"/api/v1/callback\",\"baseURL\":\"HTTP://localhost:49992\",\"url\":\"HTTP://localhost:49992/api/v1/callback\"},\"adminState\":\"UNLOCKED\"},\"profile\":{\"description\":\"dcs properties\",\"id\":\"122df6bf-6dcb-4361-bca6-9e0b7d8e0979\",\"name\":\"DCS-Device\",\"manufacturer\":\"DX Technologies\",\"model\":\"1\",\"labels\":[\"DCS\",\"test\"],\"deviceResources\":[{\"description\":\"generated dcszhi number\",\"name\":\"dcszhinumber\",\"properties\":{\"value\":{\"type\":\"INT32\",\"readWrite\":\"R\",\"minimum\":\"0.00\",\"maximum\":\"100.00\",\"defaultValue\":\"0.00\"},\"units\":{\"type\":\"String\",\"readWrite\":\"R\"}},\"attributes\":{\"type\":\"dcszhi\"}}],\"resources\":[{\"name\":\"Dcszhi\",\"get\":[{\"operation\":\"get\",\"object\":\"dcszhinumber\",\"parameter\":\"Dcszhi\"}]}],\"commands\":[{\"name\":\"Dcszhi\",\"get\":{\"path\":\"/api/v1/device/{deviceId}/Dcszhi\",\"responses\":[{\"code\":\"200\",\"expectedValues\":[\"Dcszhi\"]},{\"code\":\"503\",\"description\":\"service unavailable\"}]}}]}}, error: 400 - no supporting protocol specified for device\n"
level=ERROR ts=2019-03-18T06:04:52.49988994Z app=device-dcs source=devices.go:31 msg="creating Device from config failed: {DCS-Device01 DCS-Device dcs properties [dcs test] map[]}"
level=INFO ts=2019-03-18T06:08:44.356431916Z app=device-dcs source=init.go:136 msg="Check Metadata service's status ..."
level=INFO ts=2019-03-18T06:08:44.356507281Z app=device-dcs source=init.go:136 msg="Check Data service's status ..."
level=INFO ts=2019-03-18T06:08:44.649306079Z app=device-dcs source=init.go:46 msg="Service clients initialize successful."
level=INFO ts=2019-03-18T06:08:44.76192056Z app=device-dcs source=service.go:141 msg="Device Service device-dcs exists"
level=ERROR ts=2019-03-18T06:08:45.123904026Z app=device-dcs source=devices.go:63 msg="Add Device failed {\"origin\":1552889325012,\"description\":\"dcs properties\",\"name\":\"DCS-Device01\",\"adminState\":\"UNLOCKED\",\"operatingState\":\"ENABLED\",\"labels\":[\"dcs\",\"test\"],\"service\":{\"created\":1552889089929,\"modified\":1552889089929,\"origin\":1552889089901,\"description\":\"\",\"id\":\"97cfc07a-ceaf-4bdc-89bf-b6a7899e347c\",\"name\":\"device-dcs\",\"lastConnected\":0,\"lastReported\":0,\"operatingState\":\"ENABLED\",\"labels\":[],\"addressable\":{\"created\":1552889089690,\"modified\":1552889089690,\"origin\":1552889089657,\"id\":\"9b9597c0-dd63-4103-b184-ce6092891368\",\"name\":\"device-dcs\",\"protocol\":\"HTTP\",\"method\":\"POST\",\"address\":\"localhost\",\"port\":49992,\"path\":\"/api/v1/callback\",\"baseURL\":\"HTTP://localhost:49992\",\"url\":\"HTTP://localhost:49992/api/v1/callback\"},\"adminState\":\"UNLOCKED\"},\"profile\":{\"created\":1552889092101,\"modified\":1552889092101,\"description\":\"dcs properties\",\"id\":\"122df6bf-6dcb-4361-bca6-9e0b7d8e0979\",\"name\":\"DCS-Device\",\"manufacturer\":\"DX Technologies\",\"model\":\"1\",\"labels\":[\"DCS\",\"test\"],\"deviceResources\":[{\"description\":\"generated dcszhi number\",\"name\":\"dcszhinumber\",\"properties\":{\"value\":{\"type\":\"INT32\",\"readWrite\":\"R\",\"minimum\":\"0.00\",\"maximum\":\"100.00\",\"defaultValue\":\"0.00\"},\"units\":{\"type\":\"String\",\"readWrite\":\"R\"}},\"attributes\":{\"type\":\"dcszhi\"}}],\"resources\":[{\"name\":\"Dcszhi\",\"get\":[{\"operation\":\"get\",\"object\":\"dcszhinumber\",\"parameter\":\"Dcszhi\"}]}],\"commands\":[{\"created\":1552889092100,\"modified\":1552889092100,\"id\":\"bb1ff116-7364-439b-9c8b-1305abbe8909\",\"name\":\"Dcszhi\",\"get\":{\"path\":\"/api/v1/device/{deviceId}/Dcszhi\",\"responses\":[{\"code\":\"200\",\"expectedValues\":[\"Dcszhi\"]},{\"code\":\"503\",\"description\":\"service unavailable\"}]},\"put\":{}}]}}, error: 400 - no supporting protocol specified for device\n"
level=ERROR ts=2019-03-18T06:08:45.165227211Z app=device-dcs source=devices.go:31 msg="creating Device from config failed: {DCS-Device01 DCS-Device dcs properties [dcs test] map[]}"
level=INFO ts=2019-03-18T06:10:11.895121264Z app=device-dcs source=init.go:136 msg="Check Metadata service's status ..."
level=INFO ts=2019-03-18T06:10:11.895225473Z app=device-dcs source=init.go:136 msg="Check Data service's status ..."
level=INFO ts=2019-03-18T06:10:12.1020057Z app=device-dcs source=init.go:46 msg="Service clients initialize successful."
level=INFO ts=2019-03-18T06:10:12.225987861Z app=device-dcs source=service.go:141 msg="Device Service device-dcs exists"
level=INFO ts=2019-03-18T06:10:14.53342458Z app=device-dcs source=service.go:115 msg="*Service Start() called, name=device-dcs, version=1.0.0"
level=INFO ts=2019-03-18T06:11:15.391429667Z app=device-dcs source=restfuncs.go:92 msg=commandFunc
level=INFO ts=2019-03-18T06:11:15.439053856Z app=device-dcs source=restfuncs.go:137 msg=checkServiceLocked
level=INFO ts=2019-03-18T06:11:15.480665648Z app=device-dcs source=restfuncs.go:148 msg=readBodyAsString
level=ERROR ts=2019-03-18T06:11:15.52262719Z app=device-dcs source=command.go:41 msg="Device: 8fdcbee3-326c-46ad-9d52-32628b816efe not found; GET"
level=INFO ts=2019-03-18T06:11:42.468068845Z app=device-dcs source=restfuncs.go:92 msg=commandFunc
level=INFO ts=2019-03-18T06:11:42.513916325Z app=device-dcs source=restfuncs.go:137 msg=checkServiceLocked
level=INFO ts=2019-03-18T06:11:42.555674887Z app=device-dcs source=restfuncs.go:148 msg=readBodyAsString
level=INFO ts=2019-03-18T06:11:44.996160853Z app=device-dcs source=restfuncs.go:92 msg=commandFunc
level=INFO ts=2019-03-18T06:11:45.04876788Z app=device-dcs source=restfuncs.go:137 msg=checkServiceLocked
level=INFO ts=2019-03-18T06:11:45.090518152Z app=device-dcs source=restfuncs.go:148 msg=readBodyAsString
level=INFO ts=2019-03-18T06:11:46.33603809Z app=device-dcs source=restfuncs.go:92 msg=commandFunc
level=INFO ts=2019-03-18T06:11:46.373993535Z app=device-dcs source=restfuncs.go:137 msg=checkServiceLocked
level=INFO ts=2019-03-18T06:11:46.415735954Z app=device-dcs source=restfuncs.go:148 msg=readBodyAsString
level=INFO ts=2019-03-19T01:04:49.922026449Z app=device-dcs source=init.go:136 msg="Check Metadata service's status ..."
level=INFO ts=2019-03-19T01:04:49.922167486Z app=device-dcs source=init.go:136 msg="Check Data service's status ..."
level=INFO ts=2019-03-19T01:04:50.156053851Z app=device-dcs source=init.go:46 msg="Service clients initialize successful."
level=INFO ts=2019-03-19T01:04:50.269109833Z app=device-dcs source=service.go:141 msg="Device Service device-dcs exists"
level=INFO ts=2019-03-19T01:04:50.715512981Z app=device-dcs source=service.go:115 msg="*Service Start() called, name=device-dcs, version=1.0.0"
level=INFO ts=2019-03-19T01:06:21.607774694Z app=device-dcs source=restfuncs.go:92 msg=commandFunc
level=INFO ts=2019-03-19T01:06:21.658303711Z app=device-dcs source=restfuncs.go:137 msg=checkServiceLocked
level=INFO ts=2019-03-19T01:06:21.700301345Z app=device-dcs source=restfuncs.go:148 msg=readBodyAsString
level=INFO ts=2019-03-19T01:06:24.682579296Z app=device-dcs source=restfuncs.go:92 msg=commandFunc
level=INFO ts=2019-03-19T01:06:24.733451379Z app=device-dcs source=restfuncs.go:137 msg=checkServiceLocked
level=INFO ts=2019-03-19T01:06:24.775423364Z app=device-dcs source=restfuncs.go:148 msg=readBodyAsString
level=INFO ts=2019-03-19T01:06:27.10549732Z app=device-dcs source=restfuncs.go:92 msg=commandFunc
level=INFO ts=2019-03-19T01:06:27.158716357Z app=device-dcs source=restfuncs.go:137 msg=checkServiceLocked
level=INFO ts=2019-03-19T01:06:27.200670877Z app=device-dcs source=restfuncs.go:148 msg=readBodyAsString
level=INFO ts=2019-03-19T01:06:32.681729917Z app=device-dcs source=restfuncs.go:92 msg=commandFunc
level=INFO ts=2019-03-19T01:06:32.717454093Z app=device-dcs source=restfuncs.go:137 msg=checkServiceLocked
level=INFO ts=2019-03-19T01:06:32.759147926Z app=device-dcs source=restfuncs.go:148 msg=readBodyAsString
level=INFO ts=2019-03-19T01:06:34.330669203Z app=device-dcs source=restfuncs.go:92 msg=commandFunc
level=INFO ts=2019-03-19T01:06:34.367553002Z app=device-dcs source=restfuncs.go:137 msg=checkServiceLocked
level=INFO ts=2019-03-19T01:06:34.409319144Z app=device-dcs source=restfuncs.go:148 msg=readBodyAsString
level=INFO ts=2019-03-19T01:06:38.677671854Z app=device-dcs source=restfuncs.go:92 msg=commandFunc
level=INFO ts=2019-03-19T01:06:38.725915237Z app=device-dcs source=restfuncs.go:137 msg=checkServiceLocked
level=INFO ts=2019-03-19T01:06:38.767644977Z app=device-dcs source=restfuncs.go:148 msg=readBodyAsString
level=INFO ts=2019-03-19T01:06:40.206650495Z app=device-dcs source=restfuncs.go:92 msg=commandFunc
level=INFO ts=2019-03-19T01:06:40.359442066Z app=device-dcs source=restfuncs.go:137 msg=checkServiceLocked
level=INFO ts=2019-03-19T01:06:40.401141258Z app=device-dcs source=restfuncs.go:148 msg=readBodyAsString
level=INFO ts=2019-03-19T01:17:05.840725654Z app=device-dcs source=restfuncs.go:92 msg=commandFunc
level=INFO ts=2019-03-19T01:17:05.878975435Z app=device-dcs source=restfuncs.go:137 msg=checkServiceLocked
level=INFO ts=2019-03-19T01:17:05.912339222Z app=device-dcs source=restfuncs.go:148 msg=readBodyAsString
level=INFO ts=2019-03-19T01:17:07.868493295Z app=device-dcs source=restfuncs.go:92 msg=commandFunc
level=INFO ts=2019-03-19T01:17:07.904011938Z app=device-dcs source=restfuncs.go:137 msg=checkServiceLocked
level=INFO ts=2019-03-19T01:17:07.937385876Z app=device-dcs source=restfuncs.go:148 msg=readBodyAsString
level=INFO ts=2019-03-19T01:17:09.365034244Z app=device-dcs source=restfuncs.go:92 msg=commandFunc
level=INFO ts=2019-03-19T01:17:09.397151797Z app=device-dcs source=restfuncs.go:137 msg=checkServiceLocked
level=INFO ts=2019-03-19T01:17:09.438752101Z app=device-dcs source=restfuncs.go:148 msg=readBodyAsString
level=INFO ts=2019-03-19T01:42:49.633905058Z app=device-dcs source=restfuncs.go:92 msg=commandFunc
level=INFO ts=2019-03-19T01:42:49.690693455Z app=device-dcs source=restfuncs.go:137 msg=checkServiceLocked
level=INFO ts=2019-03-19T01:42:49.732426155Z app=device-dcs source=restfuncs.go:148 msg=readBodyAsString
level=ERROR ts=2019-03-19T01:42:49.774320328Z app=device-dcs source=restfuncs.go:159 msg="no request body provided; PUT /api/v1/device/fae3bbd0-b41c-416f-9232-eff74e4bc8d6/GenDcs_Int8?Min_Int8=-10&Max_Int8=10"
level=INFO ts=2019-03-19T01:43:23.565921493Z app=device-dcs source=restfuncs.go:92 msg=commandFunc
level=INFO ts=2019-03-19T01:43:23.599167861Z app=device-dcs source=restfuncs.go:137 msg=checkServiceLocked
level=INFO ts=2019-03-19T01:43:23.641096468Z app=device-dcs source=restfuncs.go:148 msg=readBodyAsString
level=ERROR ts=2019-03-19T01:43:23.683921909Z app=device-dcs source=command.go:258 msg="Handler - parseWriteParams: parsing Write parameters failed ----------------------------309294852065165714208947\r\nContent-Disposition: form-data; name=\"Min_Int8\"\r\n\r\n-10\r\n----------------------------309294852065165714208947\r\nContent-Disposition: form-data; name=\"Max_Int8\"\r\n\r\n10\r\n----------------------------309294852065165714208947--\r\n, invalid character '-' in numeric literal"
level=ERROR ts=2019-03-19T01:43:23.74242233Z app=device-dcs source=command.go:211 msg="Handler - execWriteCmd: Put parameters parsing failed: ----------------------------309294852065165714208947\r\nContent-Disposition: form-data; name=\"Min_Int8\"\r\n\r\n-10\r\n----------------------------309294852065165714208947\r\nContent-Disposition: form-data; name=\"Max_Int8\"\r\n\r\n10\r\n----------------------------309294852065165714208947--\r\n"
level=INFO ts=2019-03-19T01:44:09.399153832Z app=device-dcs source=restfuncs.go:92 msg=commandFunc
level=INFO ts=2019-03-19T01:44:09.441969206Z app=device-dcs source=restfuncs.go:137 msg=checkServiceLocked
level=INFO ts=2019-03-19T01:44:09.483727402Z app=device-dcs source=restfuncs.go:148 msg=readBodyAsString
level=ERROR ts=2019-03-19T01:44:09.525515432Z app=device-dcs source=command.go:258 msg="Handler - parseWriteParams: parsing Write parameters failed ----------------------------994449468495093858099890\r\nContent-Disposition: form-data; name=\"Min_Int8\"\r\n\r\n-10\r\n----------------------------994449468495093858099890\r\nContent-Disposition: form-data; name=\"Max_Int8\"\r\n\r\n10\r\n----------------------------994449468495093858099890--\r\n, invalid character '-' in numeric literal"
level=ERROR ts=2019-03-19T01:44:09.567293554Z app=device-dcs source=command.go:211 msg="Handler - execWriteCmd: Put parameters parsing failed: ----------------------------994449468495093858099890\r\nContent-Disposition: form-data; name=\"Min_Int8\"\r\n\r\n-10\r\n----------------------------994449468495093858099890\r\nContent-Disposition: form-data; name=\"Max_Int8\"\r\n\r\n10\r\n----------------------------994449468495093858099890--\r\n"
level=INFO ts=2019-03-19T01:45:03.922987475Z app=device-dcs source=restfuncs.go:92 msg=commandFunc
level=INFO ts=2019-03-19T01:45:03.974768281Z app=device-dcs source=restfuncs.go:137 msg=checkServiceLocked
level=INFO ts=2019-03-19T01:45:04.016504777Z app=device-dcs source=restfuncs.go:148 msg=readBodyAsString
level=ERROR ts=2019-03-19T01:45:04.058346896Z app=device-dcs source=command.go:258 msg="Handler - parseWriteParams: parsing Write parameters failed ----------------------------643747422123748413474178\r\nContent-Disposition: form-data; name=\"Min_Int8\"\r\n\r\n-10\r\n----------------------------643747422123748413474178\r\nContent-Disposition: form-data; name=\"Max_Int8\"\r\n\r\n10\r\n----------------------------643747422123748413474178--\r\n, invalid character '-' in numeric literal"
level=ERROR ts=2019-03-19T01:45:04.100074023Z app=device-dcs source=command.go:211 msg="Handler - execWriteCmd: Put parameters parsing failed: ----------------------------643747422123748413474178\r\nContent-Disposition: form-data; name=\"Min_Int8\"\r\n\r\n-10\r\n----------------------------643747422123748413474178\r\nContent-Disposition: form-data; name=\"Max_Int8\"\r\n\r\n10\r\n----------------------------643747422123748413474178--\r\n"
level=INFO ts=2019-03-19T01:45:20.731650204Z app=device-dcs source=restfuncs.go:92 msg=commandFunc
level=INFO ts=2019-03-19T01:45:20.782918357Z app=device-dcs source=restfuncs.go:137 msg=checkServiceLocked
level=INFO ts=2019-03-19T01:45:20.824658648Z app=device-dcs source=restfuncs.go:148 msg=readBodyAsString
level=ERROR ts=2019-03-19T01:45:20.866400015Z app=device-dcs source=restfuncs.go:159 msg="no request body provided; PUT /api/v1/device/fae3bbd0-b41c-416f-9232-eff74e4bc8d6/GenDcs_Int8?Min_Int8=-10&Max_Int8=10"
level=INFO ts=2019-03-19T01:49:37.993403857Z app=device-dcs source=restfuncs.go:92 msg=commandFunc
level=INFO ts=2019-03-19T01:49:38.049269254Z app=device-dcs source=restfuncs.go:137 msg=checkServiceLocked
level=INFO ts=2019-03-19T01:49:38.090965966Z app=device-dcs source=restfuncs.go:148 msg=readBodyAsString
level=ERROR ts=2019-03-19T01:49:38.132780105Z app=device-dcs source=command.go:258 msg="Handler - parseWriteParams: parsing Write parameters failed ----------------------------621786700917425955503770\r\nContent-Disposition: form-data; name=\"Min_Int8\"\r\n\r\n-10\r\n----------------------------621786700917425955503770\r\nContent-Disposition: form-data; name=\"Max_Int8\"\r\n\r\n10\r\n----------------------------621786700917425955503770--\r\n, invalid character '-' in numeric literal"
level=ERROR ts=2019-03-19T01:49:38.175741297Z app=device-dcs source=command.go:211 msg="Handler - execWriteCmd: Put parameters parsing failed: ----------------------------621786700917425955503770\r\nContent-Disposition: form-data; name=\"Min_Int8\"\r\n\r\n-10\r\n----------------------------621786700917425955503770\r\nContent-Disposition: form-data; name=\"Max_Int8\"\r\n\r\n10\r\n----------------------------621786700917425955503770--\r\n"
level=INFO ts=2019-03-19T01:52:01.21352508Z app=device-dcs source=restfuncs.go:92 msg=commandFunc
level=INFO ts=2019-03-19T01:52:01.265833544Z app=device-dcs source=restfuncs.go:137 msg=checkServiceLocked
level=INFO ts=2019-03-19T01:52:01.307630823Z app=device-dcs source=restfuncs.go:148 msg=readBodyAsString
level=ERROR ts=2019-03-19T01:52:01.349384601Z app=device-dcs source=command.go:258 msg="Handler - parseWriteParams: parsing Write parameters failed ----------------------------900247490466529797382221\r\nContent-Disposition: form-data; name=\"Min_Int8\"\r\n\r\n-10\r\n----------------------------900247490466529797382221\r\nContent-Disposition: form-data; name=\"Max_Int8\"\r\n\r\n10\r\n----------------------------900247490466529797382221--\r\n, invalid character '-' in numeric literal"
level=ERROR ts=2019-03-19T01:52:01.391048662Z app=device-dcs source=command.go:211 msg="Handler - execWriteCmd: Put parameters parsing failed: ----------------------------900247490466529797382221\r\nContent-Disposition: form-data; name=\"Min_Int8\"\r\n\r\n-10\r\n----------------------------900247490466529797382221\r\nContent-Disposition: form-data; name=\"Max_Int8\"\r\n\r\n10\r\n----------------------------900247490466529797382221--\r\n"
level=INFO ts=2019-03-19T01:57:16.49150634Z app=device-dcs source=init.go:136 msg="Check Metadata service's status ..."
level=INFO ts=2019-03-19T01:57:16.491534573Z app=device-dcs source=init.go:136 msg="Check Data service's status ..."
level=INFO ts=2019-03-19T01:57:17.8245767Z app=device-dcs source=init.go:46 msg="Service clients initialize successful."
level=INFO ts=2019-03-19T01:57:17.925132202Z app=device-dcs source=service.go:141 msg="Device Service device-dcs exists"
level=INFO ts=2019-03-19T01:57:18.176940125Z app=device-dcs source=service.go:115 msg="*Service Start() called, name=device-dcs, version=1.0.0"
level=INFO ts=2019-03-19T01:57:30.56877304Z app=device-dcs source=restfuncs.go:92 msg=commandFunc
level=INFO ts=2019-03-19T01:57:30.611895755Z app=device-dcs source=restfuncs.go:137 msg=checkServiceLocked
level=INFO ts=2019-03-19T01:57:30.653685692Z app=device-dcs source=restfuncs.go:148 msg=readBodyAsString
level=INFO ts=2019-03-19T01:57:30.695624197Z app=device-dcs source=command.go:256 msg="parameters  = ----------------------------886083506075410619731232\r\nContent-Disposition: form-data; name=\"Min_Int8\"\r\n\r\n-10\r\n----------------------------886083506075410619731232\r\nContent-Disposition: form-data; name=\"Max_Int8\"\r\n\r\n10\r\n----------------------------886083506075410619731232--\r\n"
level=ERROR ts=2019-03-19T01:57:30.737350864Z app=device-dcs source=command.go:259 msg="Handler - parseWriteParams: parsing Write parameters failed ----------------------------886083506075410619731232\r\nContent-Disposition: form-data; name=\"Min_Int8\"\r\n\r\n-10\r\n----------------------------886083506075410619731232\r\nContent-Disposition: form-data; name=\"Max_Int8\"\r\n\r\n10\r\n----------------------------886083506075410619731232--\r\n, invalid character '-' in numeric literal"
level=ERROR ts=2019-03-19T01:57:30.779158249Z app=device-dcs source=command.go:211 msg="Handler - execWriteCmd: Put parameters parsing failed: ----------------------------886083506075410619731232\r\nContent-Disposition: form-data; name=\"Min_Int8\"\r\n\r\n-10\r\n----------------------------886083506075410619731232\r\nContent-Disposition: form-data; name=\"Max_Int8\"\r\n\r\n10\r\n----------------------------886083506075410619731232--\r\n"
level=INFO ts=2019-03-19T01:59:07.863905085Z app=device-dcs source=restfuncs.go:92 msg=commandFunc
level=INFO ts=2019-03-19T01:59:07.903581127Z app=device-dcs source=restfuncs.go:137 msg=checkServiceLocked
level=INFO ts=2019-03-19T01:59:07.945334204Z app=device-dcs source=restfuncs.go:148 msg=readBodyAsString
level=INFO ts=2019-03-19T01:59:07.987193655Z app=device-dcs source=command.go:256 msg="parameters  = {\n\t\"Min_Int8\":\"-10\",\n\t\"Max_Int8\":\"10\"\n}\n"
level=INFO ts=2019-03-19T02:00:57.091871235Z app=device-dcs source=restfuncs.go:92 msg=commandFunc
level=INFO ts=2019-03-19T02:00:57.131095835Z app=device-dcs source=restfuncs.go:137 msg=checkServiceLocked
level=INFO ts=2019-03-19T02:00:57.172816504Z app=device-dcs source=restfuncs.go:148 msg=readBodyAsString
level=INFO ts=2019-03-19T02:00:59.604398858Z app=device-dcs source=restfuncs.go:92 msg=commandFunc
level=INFO ts=2019-03-19T02:00:59.639542262Z app=device-dcs source=restfuncs.go:137 msg=checkServiceLocked
level=INFO ts=2019-03-19T02:00:59.681476888Z app=device-dcs source=restfuncs.go:148 msg=readBodyAsString
level=INFO ts=2019-03-19T02:01:00.838420819Z app=device-dcs source=restfuncs.go:92 msg=commandFunc
level=INFO ts=2019-03-19T02:01:00.881379993Z app=device-dcs source=restfuncs.go:137 msg=checkServiceLocked
level=INFO ts=2019-03-19T02:01:00.923130513Z app=device-dcs source=restfuncs.go:148 msg=readBodyAsString
level=INFO ts=2019-03-19T02:01:02.135691181Z app=device-dcs source=restfuncs.go:92 msg=commandFunc
level=INFO ts=2019-03-19T02:01:02.18180549Z app=device-dcs source=restfuncs.go:137 msg=checkServiceLocked
level=INFO ts=2019-03-19T02:01:02.22348324Z app=device-dcs source=restfuncs.go:148 msg=readBodyAsString
